生成启动时间为 2020/3/30 16:33:02。
     1>项目“D:\Study\MyProject\exp5\exp5\exp5.vcxproj”在节点 2 上(Build 个目标)。
     1>ClCompile:
         D:\Program Files (x86)\Microsoft Visual Studio 12.0\VC\bin\CL.exe /c /ZI /nologo /W3 /WX- /sdl /Od /Oy- /D WIN32 /D _WINDOWS /D _DEBUG /D _UNICODE /D UNICODE /D _AFXDLL /Gm /EHsc /RTC1 /MDd /GS /fp:precise /Zc:wchar_t /Zc:forScope /Yu"stdafx.h" /Fp"Debug\exp5.pch" /Fo"Debug\\" /Fd"Debug\vc120.pdb" /Gd /TP /analyze- /errorReport:prompt exp5.cpp exp5Doc.cpp MainFrm.cpp
         MainFrm.cpp
         exp5Doc.cpp
         exp5.cpp
         正在生成代码...
       ResourceCompile:
         C:\Program Files (x86)\Windows Kits\8.1\bin\x86\rc.exe /D _DEBUG /D _UNICODE /D UNICODE /D _AFXDLL /l"0x0804" /IDebug\ /nologo /fo"Debug\exp5.res" exp5.rc 
       Link:
         D:\Program Files (x86)\Microsoft Visual Studio 12.0\VC\bin\link.exe /ERRORREPORT:PROMPT /OUT:"D:\Study\MyProject\exp5\Debug\exp5.exe" /INCREMENTAL /NOLOGO /MANIFEST /MANIFESTUAC:"level='asInvoker' uiAccess='false'" /manifest:embed /manifestinput:"D:\Program Files (x86)\Microsoft Visual Studio 12.0\VC\Include\Manifest\dpiaware.manifest" /DEBUG /PDB:"D:\Study\MyProject\exp5\Debug\exp5.pdb" /SUBSYSTEM:WINDOWS /TLBID:1 /ENTRY:"wWinMainCRTStartup" /DYNAMICBASE /NXCOMPAT /IMPLIB:"D:\Study\MyProject\exp5\Debug\exp5.lib" /MACHINE:X86 Debug\exp5.res
         Debug\exp5.obj
         Debug\exp5Doc.obj
         Debug\exp5View.obj
         Debug\MainFrm.obj
         Debug\stdafx.obj
         exp5.vcxproj -> D:\Study\MyProject\exp5\Debug\exp5.exe
     1>已完成生成项目“D:\Study\MyProject\exp5\exp5\exp5.vcxproj”(Build 个目标)的操作。

生成成功。

已用时间 00:00:02.25
