生成启动时间为 2020/6/29 18:27:18。
     1>项目“D:\Study\MyProject\exp39\exp39\exp39.vcxproj”在节点 2 上(Build 个目标)。
     1>ClCompile:
         D:\Program Files (x86)\Microsoft Visual Studio 12.0\VC\bin\CL.exe /c /ZI /nologo /W3 /WX- /sdl /Od /Oy- /D WIN32 /D _WINDOWS /D _DEBUG /D _UNICODE /D UNICODE /D _AFXDLL /Gm /EHsc /RTC1 /MDd /GS /fp:precise /Zc:wchar_t /Zc:forScope /Yu"stdafx.h" /Fp"Debug\exp39.pch" /Fo"Debug\\" /Fd"Debug\vc120.pdb" /Gd /TP /analyze- /errorReport:prompt MainFrm.cpp exp39.cpp exp39Doc.cpp exp39Set.cpp
         正在跳过...(未检测到相关更改)
         exp39Set.cpp
         exp39Doc.cpp
         exp39.cpp
         MainFrm.cpp
       ResourceCompile:
         C:\Program Files (x86)\Windows Kits\8.1\bin\x86\rc.exe /D _DEBUG /D _UNICODE /D UNICODE /D _AFXDLL /l"0x0804" /IDebug\ /nologo /fo"Debug\exp39.res" exp39.rc 
       Link:
         D:\Program Files (x86)\Microsoft Visual Studio 12.0\VC\bin\link.exe /ERRORREPORT:PROMPT /OUT:"D:\Study\MyProject\exp39\Debug\exp39.exe" /INCREMENTAL /NOLOGO odbc32.lib /MANIFEST /MANIFESTUAC:"level='asInvoker' uiAccess='false'" /manifest:embed /manifestinput:"D:\Program Files (x86)\Microsoft Visual Studio 12.0\VC\Include\Manifest\dpiaware.manifest" /DEBUG /PDB:"D:\Study\MyProject\exp39\Debug\exp39.pdb" /SUBSYSTEM:WINDOWS /TLBID:1 /ENTRY:"wWinMainCRTStartup" /DYNAMICBASE /NXCOMPAT /IMPLIB:"D:\Study\MyProject\exp39\Debug\exp39.lib" /MACHINE:X86 Debug\exp39.res
         Debug\exp39.obj
         Debug\exp39Doc.obj
         Debug\exp39Set.obj
         Debug\exp39View.obj
         Debug\MainFrm.obj
         Debug\stdafx.obj
         exp39.vcxproj -> D:\Study\MyProject\exp39\Debug\exp39.exe
     1>已完成生成项目“D:\Study\MyProject\exp39\exp39\exp39.vcxproj”(Build 个目标)的操作。

生成成功。

已用时间 00:00:01.12
