生成启动时间为 2020/3/30 16:36:29。
     1>项目“D:\Study\MyProject\exp6\exp6\exp6.vcxproj”在节点 2 上(Build 个目标)。
     1>ClCompile:
         D:\Program Files (x86)\Microsoft Visual Studio 12.0\VC\bin\CL.exe /c /ZI /nologo /W3 /WX- /sdl /Od /Oy- /D WIN32 /D _WINDOWS /D _DEBUG /D _UNICODE /D UNICODE /D _AFXDLL /Gm /EHsc /RTC1 /MDd /GS /fp:precise /Zc:wchar_t /Zc:forScope /Yu"stdafx.h" /Fp"Debug\exp6.pch" /Fo"Debug\\" /Fd"Debug\vc120.pdb" /Gd /TP /analyze- /errorReport:prompt exp6.cpp exp6Doc.cpp MainFrm.cpp
         MainFrm.cpp
         exp6Doc.cpp
         exp6.cpp
         正在生成代码...
       ResourceCompile:
         C:\Program Files (x86)\Windows Kits\8.1\bin\x86\rc.exe /D _DEBUG /D _UNICODE /D UNICODE /D _AFXDLL /l"0x0804" /IDebug\ /nologo /fo"Debug\exp6.res" exp6.rc 
       Link:
         D:\Program Files (x86)\Microsoft Visual Studio 12.0\VC\bin\link.exe /ERRORREPORT:PROMPT /OUT:"D:\Study\MyProject\exp6\Debug\exp6.exe" /INCREMENTAL /NOLOGO /MANIFEST /MANIFESTUAC:"level='asInvoker' uiAccess='false'" /manifest:embed /manifestinput:"D:\Program Files (x86)\Microsoft Visual Studio 12.0\VC\Include\Manifest\dpiaware.manifest" /DEBUG /PDB:"D:\Study\MyProject\exp6\Debug\exp6.pdb" /SUBSYSTEM:WINDOWS /TLBID:1 /ENTRY:"wWinMainCRTStartup" /DYNAMICBASE /NXCOMPAT /IMPLIB:"D:\Study\MyProject\exp6\Debug\exp6.lib" /MACHINE:X86 Debug\exp6.res
         Debug\exp6.obj
         Debug\exp6Doc.obj
         Debug\exp6View.obj
         Debug\MainFrm.obj
         Debug\stdafx.obj
         exp6.vcxproj -> D:\Study\MyProject\exp6\Debug\exp6.exe
     1>已完成生成项目“D:\Study\MyProject\exp6\exp6\exp6.vcxproj”(Build 个目标)的操作。

生成成功。

已用时间 00:00:01.59
