生成启动时间为 2020/7/2 23:25:56。
     1>项目“D:\Study\MyProject\exp40\exp40\exp40.vcxproj”在节点 2 上(Build 个目标)。
     1>ClCompile:
         D:\Program Files (x86)\Microsoft Visual Studio 12.0\VC\bin\CL.exe /c /ZI /nologo /W3 /WX- /sdl /Od /Oy- /D WIN32 /D _WINDOWS /D _DEBUG /D _UNICODE /D UNICODE /D _AFXDLL /Gm /EHsc /RTC1 /MDd /GS /fp:precise /Zc:wchar_t /Zc:forScope /Yu"stdafx.h" /Fp"Debug\exp40.pch" /Fo"Debug\\" /Fd"Debug\vc120.pdb" /Gd /TP /analyze- /errorReport:prompt exp40View.cpp
         exp40View.cpp
     1>d:\study\myproject\exp40\exp40\exp40view.cpp(133): warning C4244: “初始化”: 从“double”转换到“float”，可能丢失数据
     1>d:\study\myproject\exp40\exp40\exp40view.cpp(134): warning C4244: “初始化”: 从“double”转换到“float”，可能丢失数据
     1>d:\study\myproject\exp40\exp40\exp40view.cpp(138): warning C4244: “=”: 从“float”转换到“int”，可能丢失数据
     1>d:\study\myproject\exp40\exp40\exp40view.cpp(145): warning C4244: “=”: 从“float”转换到“int”，可能丢失数据
       Link:
         D:\Program Files (x86)\Microsoft Visual Studio 12.0\VC\bin\link.exe /ERRORREPORT:PROMPT /OUT:"D:\Study\MyProject\exp40\Debug\exp40.exe" /INCREMENTAL /NOLOGO odbc32.lib /MANIFEST /MANIFESTUAC:"level='asInvoker' uiAccess='false'" /manifest:embed /manifestinput:"D:\Program Files (x86)\Microsoft Visual Studio 12.0\VC\Include\Manifest\dpiaware.manifest" /DEBUG /PDB:"D:\Study\MyProject\exp40\Debug\exp40.pdb" /SUBSYSTEM:WINDOWS /TLBID:1 /ENTRY:"wWinMainCRTStartup" /DYNAMICBASE /NXCOMPAT /IMPLIB:"D:\Study\MyProject\exp40\Debug\exp40.lib" /MACHINE:X86 Debug\exp40.res
         Debug\exp40.obj
         Debug\exp40Doc.obj
         Debug\exp40Set.obj
         Debug\exp40View.obj
         Debug\MainFrm.obj
         Debug\stdafx.obj
         exp40.vcxproj -> D:\Study\MyProject\exp40\Debug\exp40.exe
     1>已完成生成项目“D:\Study\MyProject\exp40\exp40\exp40.vcxproj”(Build 个目标)的操作。

生成成功。

已用时间 00:00:00.76
