生成启动时间为 2020/6/27 21:07:06。
     1>项目“D:\Study\MyProject\exp27\exp27\exp27.vcxproj”在节点 2 上(Build 个目标)。
     1>ClCompile:
         D:\Program Files (x86)\Microsoft Visual Studio 12.0\VC\bin\CL.exe /c /ZI /nologo /W3 /WX- /sdl /Od /Oy- /D WIN32 /D _WINDOWS /D _DEBUG /D _UNICODE /D UNICODE /D _AFXDLL /Gm /EHsc /RTC1 /MDd /GS /fp:precise /Zc:wchar_t /Zc:forScope /Yc"stdafx.h" /Fp"Debug\exp27.pch" /Fo"Debug\\" /Fd"Debug\vc120.pdb" /Gd /TP /analyze- /errorReport:prompt stdafx.cpp
         stdafx.cpp
         D:\Program Files (x86)\Microsoft Visual Studio 12.0\VC\bin\CL.exe /c /ZI /nologo /W3 /WX- /sdl /Od /Oy- /D WIN32 /D _WINDOWS /D _DEBUG /D _UNICODE /D UNICODE /D _AFXDLL /Gm /EHsc /RTC1 /MDd /GS /fp:precise /Zc:wchar_t /Zc:forScope /Yu"stdafx.h" /Fp"Debug\exp27.pch" /Fo"Debug\\" /Fd"Debug\vc120.pdb" /Gd /TP /analyze- /errorReport:prompt exp27.cpp exp27Doc.cpp exp27View.cpp MainFrm.cpp MyDialog.cpp
         MyDialog.cpp
         MainFrm.cpp
         exp27View.cpp
         exp27Doc.cpp
         exp27.cpp
         正在生成代码...
       ResourceCompile:
         C:\Program Files (x86)\Windows Kits\8.1\bin\x86\rc.exe /D _DEBUG /D _UNICODE /D UNICODE /D _AFXDLL /l"0x0804" /IDebug\ /nologo /fo"Debug\exp27.res" exp27.rc 
       Link:
         D:\Program Files (x86)\Microsoft Visual Studio 12.0\VC\bin\link.exe /ERRORREPORT:PROMPT /OUT:"D:\Study\MyProject\exp27\Debug\exp27.exe" /INCREMENTAL /NOLOGO /MANIFEST /MANIFESTUAC:"level='asInvoker' uiAccess='false'" /manifest:embed /manifestinput:"D:\Program Files (x86)\Microsoft Visual Studio 12.0\VC\Include\Manifest\dpiaware.manifest" /DEBUG /PDB:"D:\Study\MyProject\exp27\Debug\exp27.pdb" /SUBSYSTEM:WINDOWS /TLBID:1 /ENTRY:"wWinMainCRTStartup" /DYNAMICBASE /NXCOMPAT /IMPLIB:"D:\Study\MyProject\exp27\Debug\exp27.lib" /MACHINE:X86 Debug\exp27.res
         Debug\exp27.obj
         Debug\exp27Doc.obj
         Debug\exp27View.obj
         Debug\MainFrm.obj
         Debug\MyDialog.obj
         Debug\stdafx.obj
         exp27.vcxproj -> D:\Study\MyProject\exp27\Debug\exp27.exe
     1>已完成生成项目“D:\Study\MyProject\exp27\exp27\exp27.vcxproj”(Build 个目标)的操作。

生成成功。

已用时间 00:00:04.99
